Using pre-set license
Built from '2022.3/release' branch; Version is '2022.3.5f1 (9674261d40ee) revision 9860134'; Using compiler version '192829333'; Build Type 'Release'
OS: 'Windows 11  (10.0.22621) 64bit CoreSingleLanguage' Language: 'en' Physical Memory: 16064 MB
BatchMode: 1, IsHumanControllingUs: 0, StartBugReporterOnCrash: 0, Is64bit: 1, IsPro: 1

COMMAND LINE ARGUMENTS:
C:\Program Files\Unity\Hub\Editor\2022.3.5f1\Editor\Unity.exe
-adb2
-batchMode
-noUpm
-name
AssetImportWorker0
-projectPath
D:/Unity/project/My project (1)
-logFile
Logs/AssetImportWorker0.log
-srvPort
53640
Successfully changed project path to: D:/Unity/project/My project (1)
D:/Unity/project/My project (1)
[UnityMemory] Configuration Parameters - Can be set up in boot.config
    "memorysetup-bucket-allocator-granularity=16"
    "memorysetup-bucket-allocator-bucket-count=8"
    "memorysetup-bucket-allocator-block-size=33554432"
    "memorysetup-bucket-allocator-block-count=8"
    "memorysetup-main-allocator-block-size=16777216"
    "memorysetup-thread-allocator-block-size=16777216"
    "memorysetup-gfx-main-allocator-block-size=16777216"
    "memorysetup-gfx-thread-allocator-block-size=16777216"
    "memorysetup-cache-allocator-block-size=4194304"
    "memorysetup-typetree-allocator-block-size=2097152"
    "memorysetup-profiler-bucket-allocator-granularity=16"
    "memorysetup-profiler-bucket-allocator-bucket-count=8"
    "memorysetup-profiler-bucket-allocator-block-size=33554432"
    "memorysetup-profiler-bucket-allocator-block-count=8"
    "memorysetup-profiler-allocator-block-size=16777216"
    "memorysetup-profiler-editor-allocator-block-size=1048576"
    "memorysetup-temp-allocator-size-main=16777216"
    "memorysetup-job-temp-allocator-block-size=2097152"
    "memorysetup-job-temp-allocator-block-size-background=1048576"
    "memorysetup-job-temp-allocator-reduction-small-platforms=262144"
    "memorysetup-allocator-temp-initial-block-size-main=262144"
    "memorysetup-allocator-temp-initial-block-size-worker=262144"
    "memorysetup-temp-allocator-size-background-worker=32768"
    "memorysetup-temp-allocator-size-job-worker=262144"
    "memorysetup-temp-allocator-size-preload-manager=33554432"
    "memorysetup-temp-allocator-size-nav-mesh-worker=65536"
    "memorysetup-temp-allocator-size-audio-worker=65536"
    "memorysetup-temp-allocator-size-cloud-worker=32768"
    "memorysetup-temp-allocator-size-gi-baking-worker=262144"
    "memorysetup-temp-allocator-size-gfx=262144"
Player connection [5208] Host "[IP] 192.168.1.2 [Port] 0 [Flags] 2 [Guid] 210105938 [EditorId] 210105938 [Version] 1048832 [Id] WindowsEditor(7,Jarvis) [Debug] 1 [PackageName] WindowsEditor [ProjectName] Editor" joined multi-casting on [225.0.0.222:54997]...

Player connection [5208] Host "[IP] 192.168.1.2 [Port] 0 [Flags] 2 [Guid] 210105938 [EditorId] 210105938 [Version] 1048832 [Id] WindowsEditor(7,Jarvis) [Debug] 1 [PackageName] WindowsEditor [ProjectName] Editor" joined alternative multi-casting on [225.0.0.222:34997]...

Refreshing native plugins compatible for Editor in 14.30 ms, found 13 plugins.
Preloading 1 native plugins for Editor in 0.68 ms.
Initialize engine version: 2022.3.5f1 (9674261d40ee)
[Subsystems] Discovering subsystems at path C:/Program Files/Unity/Hub/Editor/2022.3.5f1/Editor/Data/Resources/UnitySubsystems
[Subsystems] Discovering subsystems at path D:/Unity/project/My project (1)/Assets
GfxDevice: creating device client; threaded=0; jobified=0
Direct3D:
    Version:  Direct3D 11.0 [level 11.1]
    Renderer: NVIDIA GeForce RTX 3050 Laptop GPU (ID=0x25a2)
    Vendor:   NVIDIA
    VRAM:     3991 MB
    Driver:   30.0.15.1239
Shader 'Oculus/OVRMRCameraFrameLit': fallback shader 'Alpha-Diffuse' not found
Initialize mono
Mono path[0] = 'C:/Program Files/Unity/Hub/Editor/2022.3.5f1/Editor/Data/Managed'
Mono path[1] = 'C:/Program Files/Unity/Hub/Editor/2022.3.5f1/Editor/Data/MonoBleedingEdge/lib/mono/unityjit-win32'
Mono config path = 'C:/Program Files/Unity/Hub/Editor/2022.3.5f1/Editor/Data/MonoBleedingEdge/etc'
Using monoOptions --debugger-agent=transport=dt_socket,embedding=1,server=y,suspend=n,address=127.0.0.1:56944
Begin MonoManager ReloadAssembly
Registering precompiled unity dll's ...
Register platform support module: C:/Program Files/Unity/Hub/Editor/2022.3.5f1/Editor/Data/PlaybackEngines/WebGLSupport/UnityEditor.WebGL.Extensions.dll
Register platform support module: C:/Program Files/Unity/Hub/Editor/2022.3.5f1/Editor/Data/PlaybackEngines/AndroidPlayer/UnityEditor.Android.Extensions.dll
Register platform support module: C:/Program Files/Unity/Hub/Editor/2022.3.5f1/Editor/Data/PlaybackEngines/WindowsStandaloneSupport/UnityEditor.WindowsStandalone.Extensions.dll
Register platform support module: C:/Program Files/Unity/Hub/Editor/2022.3.5f1/Editor/Data/PlaybackEngines/MetroSupport/UnityEditor.UWP.Extensions.dll
Registered in 0.010761 seconds.
- Loaded All Assemblies, in  0.267 seconds
Native extension for UWP target not found
Native extension for WindowsStandalone target not found
Native extension for Android target not found
Android Extension - Scanning For ADB Devices 570 ms
Native extension for WebGL target not found
Mono: successfully reloaded assembly
- Finished resetting the current domain, in  0.807 seconds
Domain Reload Profiling: 1072ms
	BeginReloadAssembly (63ms)
		ExecutionOrderSort (0ms)
		DisableScriptedObjects (0ms)
		BackupInstance (0ms)
		ReleaseScriptingObjects (0ms)
		CreateAndSetChildDomain (1ms)
	RebuildCommonClasses (24ms)
	RebuildNativeTypeToScriptingClass (8ms)
	initialDomainReloadingComplete (51ms)
	LoadAllAssembliesAndSetupDomain (119ms)
		LoadAssemblies (61ms)
		RebuildTransferFunctionScriptingTraits (0ms)
		AnalyzeDomain (112ms)
			TypeCache.Refresh (112ms)
				TypeCache.ScanAssembly (102ms)
			ScanForSourceGeneratedMonoScriptInfo (0ms)
			ResolveRequiredComponents (0ms)
	FinalizeReload (807ms)
		ReleaseScriptCaches (0ms)
		RebuildScriptCaches (0ms)
		SetupLoadedEditorAssemblies (765ms)
			LogAssemblyErrors (0ms)
			InitializePlatformSupportModulesInManaged (657ms)
			SetLoadedEditorAssemblies (3ms)
			RefreshPlugins (0ms)
			BeforeProcessingInitializeOnLoad (2ms)
			ProcessInitializeOnLoadAttributes (72ms)
			ProcessInitializeOnLoadMethodAttributes (32ms)
			AfterProcessingInitializeOnLoad (0ms)
			EditorAssembliesLoaded (0ms)
		ExecutionOrderSort2 (0ms)
		AwakeInstancesAfterBackupRestoration (0ms)
========================================================================
Worker process is ready to serve import requests
Begin MonoManager ReloadAssembly
Symbol file LoadedFromMemory doesn't match image D:\Unity\project\My project (1)\Library\PackageCache\com.unity.visualscripting@1.8.0\Editor\VisualScripting.Core\Dependencies\YamlDotNet\Unity.VisualScripting.YamlDotNet.dll
Symbol file LoadedFromMemory doesn't match image D:\Unity\project\My project (1)\Library\PackageCache\com.unity.visualscripting@1.8.0\Editor\VisualScripting.Core\Dependencies\DotNetZip\Unity.VisualScripting.IonicZip.dll
- Loaded All Assemblies, in  0.717 seconds
Refreshing native plugins compatible for Editor in 8.59 ms, found 13 plugins.
Native extension for UWP target not found
Native extension for WindowsStandalone target not found
Native extension for Android target not found
Native extension for WebGL target not found
Package Manager log level set to [2]
[Package Manager] Server::EnsureServerProcessIsRunning -- launch failed, reason: Unity was launched with the -noUpm command-line argument
[Package Manager] UpmClient::Send -- Unable to send message (not connected to UPM process).
[Package Manager] Cannot connect to Unity Package Manager local server
[Package Manager] Server::EnsureServerProcessIsRunning -- launch failed, reason: Unity was launched with the -noUpm command-line argument
[Package Manager] UpmClient::Send -- Unable to send message (not connected to UPM process).
[Package Manager] Cannot connect to Unity Package Manager local server
Mono: successfully reloaded assembly
[Package Manager] Server::EnsureServerProcessIsRunning -- launch failed, reason: Unity was launched with the -noUpm command-line argument
[Package Manager] UpmClient::Send -- Unable to send message (not connected to UPM process).
[Package Manager] Cannot connect to Unity Package Manager local server
[Package Manager] Server::EnsureServerProcessIsRunning -- launch failed, reason: Unity was launched with the -noUpm command-line argument
[Package Manager] UpmClient::Send -- Unable to send message (not connected to UPM process).
[Package Manager] Cannot connect to Unity Package Manager local server
- Finished resetting the current domain, in  0.646 seconds
Domain Reload Profiling: 1361ms
	BeginReloadAssembly (114ms)
		ExecutionOrderSort (0ms)
		DisableScriptedObjects (4ms)
		BackupInstance (0ms)
		ReleaseScriptingObjects (0ms)
		CreateAndSetChildDomain (20ms)
	RebuildCommonClasses (29ms)
	RebuildNativeTypeToScriptingClass (9ms)
	initialDomainReloadingComplete (36ms)
	LoadAllAssembliesAndSetupDomain (526ms)
		LoadAssemblies (253ms)
		RebuildTransferFunctionScriptingTraits (0ms)
		AnalyzeDomain (325ms)
			TypeCache.Refresh (278ms)
				TypeCache.ScanAssembly (265ms)
			ScanForSourceGeneratedMonoScriptInfo (31ms)
			ResolveRequiredComponents (16ms)
	FinalizeReload (646ms)
		ReleaseScriptCaches (0ms)
		RebuildScriptCaches (0ms)
		SetupLoadedEditorAssemblies (489ms)
			LogAssemblyErrors (0ms)
			InitializePlatformSupportModulesInManaged (22ms)
			SetLoadedEditorAssemblies (3ms)
			RefreshPlugins (0ms)
			BeforeProcessingInitializeOnLoad (74ms)
			ProcessInitializeOnLoadAttributes (305ms)
			ProcessInitializeOnLoadMethodAttributes (76ms)
			AfterProcessingInitializeOnLoad (9ms)
			EditorAssembliesLoaded (0ms)
		ExecutionOrderSort2 (0ms)
		AwakeInstancesAfterBackupRestoration (4ms)
Shader 'Oculus/OVRMRCameraFrameLit': fallback shader 'Alpha-Diffuse' not found
Launched and connected shader compiler UnityShaderCompiler.exe after 0.04 seconds
Refreshing native plugins compatible for Editor in 7.59 ms, found 13 plugins.
Preloading 1 native plugins for Editor in 0.03 ms.
Unloading 7888 Unused Serialized files (Serialized files now loaded: 0)
Unloading 154 unused Assets / (0.9 MB). Loaded Objects now: 8348.
Memory consumption went from 306.4 MB to 305.4 MB.
Total: 4.296600 ms (FindLiveObjects: 0.473700 ms CreateObjectMapping: 0.228300 ms MarkObjects: 3.212200 ms  DeleteObjects: 0.381500 ms)

AssetImportParameters requested are different than current active one (requested -> active):
  custom:container-demuxer-ogg: 62fdf1f143b41e24485cea50d1cbac27 -> 
  custom:framework-win-MediaFoundation: 216162199b28c13a410421893ffa2e32 -> 
  custom:container-muxer-webm: aa71ff27fc2769a1b78a27578f13a17b -> 
  custom:video-decoder-webm-vp8: 9c59270c3fd7afecdb556c50c9e8de78 -> 
  custom:AudioImporter_EditorPlatform: d09bf68614088b80899f8185d706f6e7 -> 
  custom:audio-decoder-ogg-vorbis: bf7c407c2cedff20999df2af8eb42d56 -> 
  custom:audio-encoder-webm-vorbis: bf7c407c2cedff20999df2af8eb42d56 -> 
  custom:video-decoder-ogg-theora: a1e56fd34408186e4bbccfd4996cb3dc -> 
  custom:CustomObjectIndexerAttribute: a3ef5dd2817f97addfee359851a9dba5 -> 
  custom:container-demuxer-webm: 4f35f7cbe854078d1ac9338744f61a02 -> 
  custom:video-encoder-webm-vp8: eb34c28f22e8b96e1ab97ce403110664 -> 
========================================================================
Received Prepare
Begin MonoManager ReloadAssembly
Symbol file LoadedFromMemory doesn't match image D:\Unity\project\My project (1)\Library\PackageCache\com.unity.visualscripting@1.8.0\Editor\VisualScripting.Core\Dependencies\YamlDotNet\Unity.VisualScripting.YamlDotNet.dll
Symbol file LoadedFromMemory doesn't match image D:\Unity\project\My project (1)\Library\PackageCache\com.unity.visualscripting@1.8.0\Editor\VisualScripting.Core\Dependencies\DotNetZip\Unity.VisualScripting.IonicZip.dll
- Loaded All Assemblies, in  0.641 seconds
Refreshing native plugins compatible for Editor in 6.70 ms, found 11 plugins.
Native extension for UWP target not found
Native extension for WindowsStandalone target not found
Native extension for Android target not found
Native extension for WebGL target not found
[Package Manager] Server::EnsureServerProcessIsRunning -- launch failed, reason: Unity was launched with the -noUpm command-line argument
[Package Manager] UpmClient::Send -- Unable to send message (not connected to UPM process).
[Package Manager] Cannot connect to Unity Package Manager local server
[Package Manager] Server::EnsureServerProcessIsRunning -- launch failed, reason: Unity was launched with the -noUpm command-line argument
[Package Manager] UpmClient::Send -- Unable to send message (not connected to UPM process).
[Package Manager] Cannot connect to Unity Package Manager local server
Mono: successfully reloaded assembly
[Package Manager] Server::EnsureServerProcessIsRunning -- launch failed, reason: Unity was launched with the -noUpm command-line argument
[Package Manager] UpmClient::Send -- Unable to send message (not connected to UPM process).
[Package Manager] Cannot connect to Unity Package Manager local server
- Finished resetting the current domain, in  0.887 seconds
Domain Reload Profiling: 1526ms
	BeginReloadAssembly (129ms)
		ExecutionOrderSort (0ms)
		DisableScriptedObjects (3ms)
		BackupInstance (0ms)
		ReleaseScriptingObjects (0ms)
		CreateAndSetChildDomain (46ms)
	RebuildCommonClasses (24ms)
	RebuildNativeTypeToScriptingClass (9ms)
	initialDomainReloadingComplete (23ms)
	LoadAllAssembliesAndSetupDomain (453ms)
		LoadAssemblies (209ms)
		RebuildTransferFunctionScriptingTraits (0ms)
		AnalyzeDomain (286ms)
			TypeCache.Refresh (270ms)
				TypeCache.ScanAssembly (256ms)
			ScanForSourceGeneratedMonoScriptInfo (6ms)
			ResolveRequiredComponents (10ms)
	FinalizeReload (887ms)
		ReleaseScriptCaches (0ms)
		RebuildScriptCaches (0ms)
		SetupLoadedEditorAssemblies (414ms)
			LogAssemblyErrors (0ms)
			InitializePlatformSupportModulesInManaged (22ms)
			SetLoadedEditorAssemblies (3ms)
			RefreshPlugins (0ms)
			BeforeProcessingInitializeOnLoad (71ms)
			ProcessInitializeOnLoadAttributes (239ms)
			ProcessInitializeOnLoadMethodAttributes (69ms)
			AfterProcessingInitializeOnLoad (11ms)
			EditorAssembliesLoaded (0ms)
		ExecutionOrderSort2 (0ms)
		AwakeInstancesAfterBackupRestoration (11ms)
Shader 'Oculus/OVRMRCameraFrameLit': fallback shader 'Alpha-Diffuse' not found
Refreshing native plugins compatible for Editor in 6.88 ms, found 11 plugins.
Preloading 1 native plugins for Editor in 0.03 ms.
Unloading 6597 Unused Serialized files (Serialized files now loaded: 0)
Unloading 980 unused Assets / (1.4 MB). Loaded Objects now: 7463.
Memory consumption went from 237.7 MB to 236.3 MB.
Total: 4.833000 ms (FindLiveObjects: 0.481700 ms CreateObjectMapping: 0.313600 ms MarkObjects: 2.928400 ms  DeleteObjects: 1.108600 ms)

Prepare: number of updated asset objects reloaded= 58
AssetImportParameters requested are different than current active one (requested -> active):
  custom:container-demuxer-ogg: 62fdf1f143b41e24485cea50d1cbac27 -> 
  custom:framework-win-MediaFoundation: 216162199b28c13a410421893ffa2e32 -> 
  custom:container-muxer-webm: aa71ff27fc2769a1b78a27578f13a17b -> 
  custom:video-decoder-webm-vp8: 9c59270c3fd7afecdb556c50c9e8de78 -> 
  custom:AudioImporter_EditorPlatform: d09bf68614088b80899f8185d706f6e7 -> 
  custom:audio-decoder-ogg-vorbis: bf7c407c2cedff20999df2af8eb42d56 -> 
  custom:audio-encoder-webm-vorbis: bf7c407c2cedff20999df2af8eb42d56 -> 
  custom:video-decoder-ogg-theora: a1e56fd34408186e4bbccfd4996cb3dc -> 
  custom:CustomObjectIndexerAttribute: a3ef5dd2817f97addfee359851a9dba5 -> 
  custom:container-demuxer-webm: 4f35f7cbe854078d1ac9338744f61a02 -> 
  custom:video-encoder-webm-vp8: eb34c28f22e8b96e1ab97ce403110664 -> 
========================================================================
Received Import Request.
  Time since last request: 1527300.175222 seconds.
  path: Assets/Resources/Resource/resouses/medical room 2/Hospital/bedsheet
  artifactKey: Guid(58146f23d717b884c9862af60d8a71da) Importer(815301076,1909f56bfc062723c751e8b465ee728b)
Start importing Assets/Resources/Resource/resouses/medical room 2/Hospital/bedsheet using Guid(58146f23d717b884c9862af60d8a71da) Importer(815301076,1909f56bfc062723c751e8b465ee728b)  -> (artifact id: 'bb1a0be170be6483588bd7cd1ba88773') in 0.001833 seconds
Number of updated asset objects reloaded before import = 0
Number of asset objects unloaded after import = 0
========================================================================
Received Import Request.
  Time since last request: 5.385168 seconds.
  path: Assets/Resources/Resource/resouses/medical room 2/Hospital/Blanket
  artifactKey: Guid(197815743a053224cbe7c6a60f10b1db) Importer(815301076,1909f56bfc062723c751e8b465ee728b)
Start importing Assets/Resources/Resource/resouses/medical room 2/Hospital/Blanket using Guid(197815743a053224cbe7c6a60f10b1db) Importer(815301076,1909f56bfc062723c751e8b465ee728b)  -> (artifact id: 'be2df50083e3d254d7bb934acbac2c2b') in 0.000489 seconds
Number of updated asset objects reloaded before import = 0
Number of asset objects unloaded after import = 0
========================================================================
Received Import Request.
  Time since last request: 1.703862 seconds.
  path: Assets/Resources/Resource/resouses/medical room 2/Hospital/Mattress
  artifactKey: Guid(b2e23b37be94eba40b20a066b776b497) Importer(815301076,1909f56bfc062723c751e8b465ee728b)
Start importing Assets/Resources/Resource/resouses/medical room 2/Hospital/Mattress using Guid(b2e23b37be94eba40b20a066b776b497) Importer(815301076,1909f56bfc062723c751e8b465ee728b)  -> (artifact id: '36291b6fefc501577835f5954aa8d5d6') in 0.000383 seconds
Number of updated asset objects reloaded before import = 0
Number of asset objects unloaded after import = 0
========================================================================
Received Import Request.
  Time since last request: 3.055776 seconds.
  path: Assets/Resources/Resource/resouses/medical room 2/Hospital/Pillow
  artifactKey: Guid(67c5fd4e407a2754081aa9e1212b5fd8) Importer(815301076,1909f56bfc062723c751e8b465ee728b)
Start importing Assets/Resources/Resource/resouses/medical room 2/Hospital/Pillow using Guid(67c5fd4e407a2754081aa9e1212b5fd8) Importer(815301076,1909f56bfc062723c751e8b465ee728b)  -> (artifact id: '451493cbe654d5e38844762ac2fabcfb') in 0.000496 seconds
Number of updated asset objects reloaded before import = 0
Number of asset objects unloaded after import = 0
========================================================================
Received Import Request.
  Time since last request: 8.206899 seconds.
  path: Assets/Resources/Resource/resouses/medical room 2/Hospital/Chair/Chair.fbx
  artifactKey: Guid(34df589edf5d3e84990f2239abc5b3f6) Importer(815301076,1909f56bfc062723c751e8b465ee728b)
Start importing Assets/Resources/Resource/resouses/medical room 2/Hospital/Chair/Chair.fbx using Guid(34df589edf5d3e84990f2239abc5b3f6) Importer(815301076,1909f56bfc062723c751e8b465ee728b)  -> (artifact id: 'cd8e0dea695dae8e19f27d6f860a0e5a') in 0.002501 seconds
Number of updated asset objects reloaded before import = 0
Number of asset objects unloaded after import = 7
========================================================================
Received Import Request.
  Time since last request: 9.022050 seconds.
  path: Assets/Resources/Resource/resouses/medical room 2/Hospital/Metal_Bed
  artifactKey: Guid(bb80f9eef28251f488034d0ed0d8ea72) Importer(815301076,1909f56bfc062723c751e8b465ee728b)
Start importing Assets/Resources/Resource/resouses/medical room 2/Hospital/Metal_Bed using Guid(bb80f9eef28251f488034d0ed0d8ea72) Importer(815301076,1909f56bfc062723c751e8b465ee728b)  -> (artifact id: '19c97c370850bbb021b506ca3eaafc79') in 0.000567 seconds
Number of updated asset objects reloaded before import = 0
Number of asset objects unloaded after import = 0
========================================================================
Received Import Request.
  Time since last request: 39.151337 seconds.
  path: Assets/Resources/Resource/resouses/medical room 2/Hospital/Tools/Shtyky1LP.obj
  artifactKey: Guid(46b57cacc61db794ca51150a4924160c) Importer(815301076,1909f56bfc062723c751e8b465ee728b)
Start importing Assets/Resources/Resource/resouses/medical room 2/Hospital/Tools/Shtyky1LP.obj using Guid(46b57cacc61db794ca51150a4924160c) Importer(815301076,1909f56bfc062723c751e8b465ee728b)  -> (artifact id: '4519822d7352303453712a73712f8c3d') in 0.001304 seconds
Number of updated asset objects reloaded before import = 0
Number of asset objects unloaded after import = 8
========================================================================
Received Import Request.
  Time since last request: 0.009520 seconds.
  path: Assets/Resources/Resource/resouses/medical room 2/Hospital/Tools/trolly.mat
  artifactKey: Guid(0253c3e6161811c48b0a004fc34c776e) Importer(815301076,1909f56bfc062723c751e8b465ee728b)
Start importing Assets/Resources/Resource/resouses/medical room 2/Hospital/Tools/trolly.mat using Guid(0253c3e6161811c48b0a004fc34c776e) Importer(815301076,1909f56bfc062723c751e8b465ee728b)  -> (artifact id: 'a875088e01845e9888ac0fa3ace039a6') in 0.001084 seconds
Number of updated asset objects reloaded before import = 0
Number of asset objects unloaded after import = 1
========================================================================
Received Import Request.
  Time since last request: 78.398439 seconds.
  path: Assets/Resources/Resource/resouses/medical room 2/Hospital/nightstand/nightstand.fbx
  artifactKey: Guid(81e1d1e7c42fb1c49a6935569f984903) Importer(815301076,1909f56bfc062723c751e8b465ee728b)
Start importing Assets/Resources/Resource/resouses/medical room 2/Hospital/nightstand/nightstand.fbx using Guid(81e1d1e7c42fb1c49a6935569f984903) Importer(815301076,1909f56bfc062723c751e8b465ee728b)  -> (artifact id: '2f1d491d0dfa629f63768229e2b7d84d') in 0.001944 seconds
Number of updated asset objects reloaded before import = 0
Number of asset objects unloaded after import = 7
========================================================================
Received Import Request.
  Time since last request: 14.277952 seconds.
  path: Assets/Resources/Resource/resouses/medical room 2/Hospital/nightstand/nightstand.fbx
  artifactKey: Guid(81e1d1e7c42fb1c49a6935569f984903) Importer(815301076,1909f56bfc062723c751e8b465ee728b)
Start importing Assets/Resources/Resource/resouses/medical room 2/Hospital/nightstand/nightstand.fbx using Guid(81e1d1e7c42fb1c49a6935569f984903) Importer(815301076,1909f56bfc062723c751e8b465ee728b)  -> (artifact id: '94ec15ef86838ff751083e402d0bbb0d') in 0.001360 seconds
Number of updated asset objects reloaded before import = 0
Number of asset objects unloaded after import = 6
========================================================================
Received Import Request.
  Time since last request: 0.099698 seconds.
  path: Assets/Resources/Resource/resouses/medical room 2/Hospital/nightstand/Nightstand.mat
  artifactKey: Guid(4bfd78aae72eb944fa7012df987e431d) Importer(815301076,1909f56bfc062723c751e8b465ee728b)
Start importing Assets/Resources/Resource/resouses/medical room 2/Hospital/nightstand/Nightstand.mat using Guid(4bfd78aae72eb944fa7012df987e431d) Importer(815301076,1909f56bfc062723c751e8b465ee728b)  -> (artifact id: 'd55a213d4bf49bc8c6868b40aad98768') in 0.001197 seconds
Number of updated asset objects reloaded before import = 0
Number of asset objects unloaded after import = 1
========================================================================
Received Import Request.
  Time since last request: 64.108637 seconds.
  path: Assets/Resources/Resource/resouses/medical room 2/Hospital/nightstand/dustbin.mat
  artifactKey: Guid(8e8c29db5dc93ea4bbf8a7c9dbcbc6fe) Importer(815301076,1909f56bfc062723c751e8b465ee728b)
Start importing Assets/Resources/Resource/resouses/medical room 2/Hospital/nightstand/dustbin.mat using Guid(8e8c29db5dc93ea4bbf8a7c9dbcbc6fe) Importer(815301076,1909f56bfc062723c751e8b465ee728b)  -> (artifact id: 'a528c9e2ad3ec5ddd55ce15cd4c18b1b') in 0.000929 seconds
Number of updated asset objects reloaded before import = 0
Number of asset objects unloaded after import = 1
========================================================================
Received Import Request.
  Time since last request: 0.020859 seconds.
  path: Assets/Resources/Resource/resouses/medical room 2/Hospital/nightstand/Nightstand.mat
  artifactKey: Guid(4bfd78aae72eb944fa7012df987e431d) Importer(815301076,1909f56bfc062723c751e8b465ee728b)
Start importing Assets/Resources/Resource/resouses/medical room 2/Hospital/nightstand/Nightstand.mat using Guid(4bfd78aae72eb944fa7012df987e431d) Importer(815301076,1909f56bfc062723c751e8b465ee728b)  -> (artifact id: '3518c9b7b69ad65f683c29775c60fdf3') in 0.000905 seconds
Number of updated asset objects reloaded before import = 0
Number of asset objects unloaded after import = 1
========================================================================
Received Import Request.
  Time since last request: 69.593331 seconds.
  path: Assets/Oculus/Spatializer
  artifactKey: Guid(b173abc46356f43419ec2eda30fa3a87) Importer(815301076,1909f56bfc062723c751e8b465ee728b)
Start importing Assets/Oculus/Spatializer using Guid(b173abc46356f43419ec2eda30fa3a87) Importer(815301076,1909f56bfc062723c751e8b465ee728b)  -> (artifact id: 'dec6eedb6e1f8d591071c0722cdb701a') in 0.000432 seconds
Number of updated asset objects reloaded before import = 0
Number of asset objects unloaded after import = 0
========================================================================
Received Import Request.
  Time since last request: 1.736230 seconds.
  path: Assets/Oculus/Spatializer/scenes
  artifactKey: Guid(01192ee1c2d9d204ea8a4172eef60cd0) Importer(815301076,1909f56bfc062723c751e8b465ee728b)
Start importing Assets/Oculus/Spatializer/scenes using Guid(01192ee1c2d9d204ea8a4172eef60cd0) Importer(815301076,1909f56bfc062723c751e8b465ee728b)  -> (artifact id: 'ef2e8f46dbba11578b8b8eb8de003df2') in 0.000416 seconds
Number of updated asset objects reloaded before import = 0
Number of asset objects unloaded after import = 0
